<?xml version="1.0" encoding="UTF-8"?>
<!-- Generated by org.testng.reporters.JUnitReportReporter -->
<testsuite hostname="DESKTOP-G8O6OG0" failures="0" tests="1" name="com.WebTests.OHRM_Client" time="2.121" errors="0" timestamp="2025-08-29T22:09:42 IST" skipped="0">
  <testcase classname="com.WebTests.OHRM_Client" name="login" time="2.121"/>
</testsuite> <!-- com.WebTests.OHRM_Client -->
