<?xml version="1.0" encoding="UTF-8"?>
<!-- Generated by org.testng.reporters.JUnitReportReporter -->
<testsuite hostname="DESKTOP-G8O6OG0" failures="0" tests="3" name="com.WebTests.D12DataProviderDemo" time="0.022" errors="0" timestamp="2025-08-29T21:53:26 IST" skipped="0">
  <testcase classname="com.WebTests.D12DataProviderDemo" name="myTest" time="0.015"/>
  <testcase classname="com.WebTests.D12DataProviderDemo" name="myTest" time="0.003"/>
  <testcase classname="com.WebTests.D12DataProviderDemo" name="myTest" time="0.004"/>
</testsuite> <!-- com.WebTests.D12DataProviderDemo -->
