<?xml version="1.0" encoding="UTF-8"?>
<!-- Generated by org.testng.reporters.JUnitReportReporter -->
<testsuite hostname="DESKTOP-G8O6OG0" failures="0" tests="1" name="com.WebTests.D10InvocationCount" time="5.015" errors="0" timestamp="2025-08-29T21:35:17 IST" skipped="0">
  <testcase classname="com.WebTests.D10InvocationCount" name="myTest" time="5.015"/>
</testsuite> <!-- com.WebTests.D10InvocationCount -->
