<?xml version="1.0" encoding="UTF-8"?>
<!-- Generated by org.testng.reporters.JUnitReportReporter -->
<testsuite hostname="DESKTOP-G8O6OG0" failures="0" tests="2" name="com.WebTests.D03ReadFromExcel" time="0.023" errors="0" timestamp="2025-08-22T22:14:05 IST" skipped="1">
  <testcase classname="com.WebTests.D03ReadFromExcel" name="readAllData" time="0.023"/>
  <testcase classname="com.WebTests.D03ReadFromExcel" name="readData">
    <skipped/>
  </testcase> <!-- readData -->
</testsuite> <!-- com.WebTests.D03ReadFromExcel -->
