<?xml version="1.0" encoding="UTF-8"?>
<!-- Generated by org.testng.reporters.JUnitReportReporter -->
<testsuite hostname="DESKTOP-G8O6OG0" failures="0" tests="5" name="com.WebTests.D11InvocationCount" time="0.057" errors="0" timestamp="2025-08-29T21:40:48 IST" skipped="0">
  <testcase classname="com.WebTests.D11InvocationCount" name="myTest" time="0.015"/>
  <testcase classname="com.WebTests.D11InvocationCount" name="myTest" time="0.004"/>
  <testcase classname="com.WebTests.D11InvocationCount" name="myTest" time="0.013"/>
  <testcase classname="com.WebTests.D11InvocationCount" name="myTest" time="0.005"/>
  <testcase classname="com.WebTests.D11InvocationCount" name="myTest" time="0.020"/>
</testsuite> <!-- com.WebTests.D11InvocationCount -->
