<?xml version="1.0" encoding="UTF-8"?>
<!-- Generated by org.testng.reporters.JUnitReportReporter -->
<testsuite hostname="DESKTOP-G8O6OG0" failures="0" tests="1" name="com.WebTests.D02SimpleTestNGTest" time="0.015" errors="0" timestamp="2025-08-22T22:09:51 IST" skipped="0">
  <testcase classname="com.WebTests.D02SimpleTestNGTest" name="myTest" time="0.015"/>
</testsuite> <!-- com.WebTests.D02SimpleTestNGTest -->
