<?xml version="1.0" encoding="UTF-8"?>
<!-- Generated by org.testng.reporters.JUnitReportReporter -->
<testsuite hostname="DESKTOP-G8O6OG0" failures="0" tests="2" name="com.WebTests.D09DependsOnDemo" time="0.039" errors="0" timestamp="2025-08-29T21:33:17 IST" skipped="0">
  <testcase classname="com.WebTests.D09DependsOnDemo" name="login" time="0.034"/>
  <testcase classname="com.WebTests.D09DependsOnDemo" name="logout" time="0.005"/>
</testsuite> <!-- com.WebTests.D09DependsOnDemo -->
