<?xml version="1.0" encoding="UTF-8"?>
<!-- Generated by org.testng.reporters.JUnitReportReporter -->
<testsuite hostname="DESKTOP-G8O6OG0" failures="0" tests="2" name="com.TestNGDemo.D14ReadFromExcel" time="0.031" errors="0" timestamp="2025-08-21T22:14:09 IST" skipped="1">
  <testcase classname="com.TestNGDemo.D14ReadFromExcel" name="readAllData" time="0.031"/>
  <testcase classname="com.TestNGDemo.D14ReadFromExcel" name="readData">
    <skipped/>
  </testcase> <!-- readData -->
</testsuite> <!-- com.TestNGDemo.D14ReadFromExcel -->
