<?xml version="1.0" encoding="UTF-8"?>
<!-- Generated by org.testng.reporters.JUnitReportReporter -->
<testsuite hostname="DESKTOP-G8O6OG0" failures="0" tests="7" name="com.TestNGDemo.D15LoginToOHRM_DDF" time="21.842" errors="0" timestamp="2025-08-22T21:34:10 IST" skipped="0">
  <testcase classname="com.TestNGDemo.D15LoginToOHRM_DDF" name="loginToOHRM" time="1.978"/>
  <testcase classname="com.TestNGDemo.D15LoginToOHRM_DDF" name="loginToOHRM" time="2.379"/>
  <testcase classname="com.TestNGDemo.D15LoginToOHRM_DDF" name="loginToOHRM" time="4.183"/>
  <testcase classname="com.TestNGDemo.D15LoginToOHRM_DDF" name="loginToOHRM" time="3.618"/>
  <testcase classname="com.TestNGDemo.D15LoginToOHRM_DDF" name="loginToOHRM" time="1.944"/>
  <testcase classname="com.TestNGDemo.D15LoginToOHRM_DDF" name="loginToOHRM" time="4.073"/>
  <testcase classname="com.TestNGDemo.D15LoginToOHRM_DDF" name="loginToOHRM" time="3.667"/>
</testsuite> <!-- com.TestNGDemo.D15LoginToOHRM_DDF -->
