<?xml version="1.0" encoding="UTF-8"?>
<!-- Generated by org.testng.reporters.JUnitReportReporter -->
<testsuite hostname="DESKTOP-G8O6OG0" failures="0" tests="1" name="com.TestNGDemo.D12CreateFriendsData" time="0.135" errors="0" timestamp="2025-08-21T21:44:32 IST" skipped="0">
  <testcase classname="com.TestNGDemo.D12CreateFriendsData" name="createData" time="0.135"/>
</testsuite> <!-- com.TestNGDemo.D12CreateFriendsData -->
