<?xml version="1.0" encoding="UTF-8"?>
<!-- Generated by org.testng.reporters.JUnitReportReporter -->
<testsuite hostname="DESKTOP-G8O6OG0" failures="0" tests="4" name="com.Assignments.LoginToOHRM" time="15.379" errors="0" timestamp="2025-08-14T22:04:39 IST" skipped="0">
  <testcase classname="com.Assignments.LoginToOHRM" name="login1" time="5.923"/>
  <testcase classname="com.Assignments.LoginToOHRM" name="login3" time="1.477"/>
  <testcase classname="com.Assignments.LoginToOHRM" name="login4" time="5.976"/>
  <testcase classname="com.Assignments.LoginToOHRM" name="login2" time="2.003"/>
</testsuite> <!-- com.Assignments.LoginToOHRM -->
