<?xml version="1.0" encoding="UTF-8"?>
<!-- Generated by org.testng.reporters.JUnitReportReporter -->
<testsuite hostname="DESKTOP-G8O6OG0" failures="0" tests="4" name="com.TestNGDemo.D02OnlineShoppingApps" time="70.019" errors="0" timestamp="2025-08-19T20:28:02 IST" skipped="0">
  <testcase classname="com.TestNGDemo.D02OnlineShoppingApps" name="testFlipkart" time="18.619"/>
  <testcase classname="com.TestNGDemo.D02OnlineShoppingApps" name="testMyntra" time="23.810"/>
  <testcase classname="com.TestNGDemo.D02OnlineShoppingApps" name="testAmazon" time="23.208"/>
  <testcase classname="com.TestNGDemo.D02OnlineShoppingApps" name="testMeesho" time="4.382"/>
</testsuite> <!-- com.TestNGDemo.D02OnlineShoppingApps -->
