<?xml version="1.0" encoding="UTF-8"?>
<!-- Generated by org.testng.reporters.JUnitReportReporter -->
<testsuite hostname="DESKTOP-G8O6OG0" failures="0" tests="2" name="com.AssignmentSolutions.OHRM_Assignment_DDF" time="53.231" errors="0" timestamp="2025-08-28T22:48:02 IST" skipped="0">
  <testcase classname="com.AssignmentSolutions.OHRM_Assignment_DDF" name="test" time="26.148"/>
  <testcase classname="com.AssignmentSolutions.OHRM_Assignment_DDF" name="test" time="27.083"/>
</testsuite> <!-- com.AssignmentSolutions.OHRM_Assignment_DDF -->
