<?xml version="1.0" encoding="UTF-8"?>
<!-- Generated by org.testng.reporters.JUnitReportReporter -->
<testsuite hostname="DESKTOP-G8O6OG0" failures="0" tests="5" name="com.TestNGDemo.D13CreateLoginData" time="0.171" errors="0" timestamp="2025-08-21T21:55:23 IST" skipped="0">
  <testcase classname="com.TestNGDemo.D13CreateLoginData" name="createLoginFile" time="0.011"/>
  <testcase classname="com.TestNGDemo.D13CreateLoginData" name="createLoginFile" time="0.008"/>
  <testcase classname="com.TestNGDemo.D13CreateLoginData" name="createLoginFile" time="0.007"/>
  <testcase classname="com.TestNGDemo.D13CreateLoginData" name="createLoginFile" time="0.015"/>
  <testcase classname="com.TestNGDemo.D13CreateLoginData" name="createLoginFile" time="0.130"/>
</testsuite> <!-- com.TestNGDemo.D13CreateLoginData -->
