<?xml version="1.0" encoding="UTF-8"?>
<!-- Generated by org.testng.reporters.JUnitReportReporter -->
<testsuite hostname="DESKTOP-G8O6OG0" failures="0" tests="1" name="com.TestNGDemo.D11WriteToExcel" time="0.121" errors="0" timestamp="2025-08-21T21:30:07 IST" skipped="0">
  <testcase classname="com.TestNGDemo.D11WriteToExcel" name="writeToExcel" time="0.121"/>
</testsuite> <!-- com.TestNGDemo.D11WriteToExcel -->
