<?xml version="1.0" encoding="UTF-8"?>
<!-- Generated by org.testng.reporters.JUnitReportReporter -->
<testsuite hostname="DESKTOP-G8O6OG0" failures="0" tests="1" name="com.TestNGDemo.D01FirstTest" time="17.620" errors="0" timestamp="2025-08-14T20:28:01 IST" skipped="0">
  <testcase classname="com.TestNGDemo.D01FirstTest" name="testIRCTC" time="17.620"/>
</testsuite> <!-- com.TestNGDemo.D01FirstTest -->
