<?xml version="1.0" encoding="UTF-8"?>
<!-- Generated by org.testng.reporters.JUnitReportReporter -->
<testsuite hostname="DESKTOP-G8O6OG0" failures="0" tests="3" name="com.TestNGDemo.D10POMClient" time="15.750" errors="0" timestamp="2025-08-19T22:13:27 IST" skipped="0">
  <testcase classname="com.TestNGDemo.D10POMClient" name="registration1" time="5.454"/>
  <testcase classname="com.TestNGDemo.D10POMClient" name="registration2" time="4.267"/>
  <testcase classname="com.TestNGDemo.D10POMClient" name="registration3" time="6.029"/>
</testsuite> <!-- com.TestNGDemo.D10POMClient -->
