<?xml version="1.0" encoding="UTF-8"?>
<!-- Generated by org.testng.reporters.JUnitReportReporter -->
<testsuite hostname="DESKTOP-G8O6OG0" failures="0" tests="7" name="com.TestNGDemo.D15LoginToOHRM_DDF" time="0.062" errors="0" timestamp="2025-08-21T22:21:47 IST" skipped="0">
  <testcase classname="com.TestNGDemo.D15LoginToOHRM_DDF" name="loginToOHRM" time="0.005"/>
  <testcase classname="com.TestNGDemo.D15LoginToOHRM_DDF" name="loginToOHRM" time="0.009"/>
  <testcase classname="com.TestNGDemo.D15LoginToOHRM_DDF" name="loginToOHRM" time="0.013"/>
  <testcase classname="com.TestNGDemo.D15LoginToOHRM_DDF" name="loginToOHRM" time="0.003"/>
  <testcase classname="com.TestNGDemo.D15LoginToOHRM_DDF" name="loginToOHRM" time="0.015"/>
  <testcase classname="com.TestNGDemo.D15LoginToOHRM_DDF" name="loginToOHRM" time="0.013"/>
  <testcase classname="com.TestNGDemo.D15LoginToOHRM_DDF" name="loginToOHRM" time="0.004"/>
</testsuite> <!-- com.TestNGDemo.D15LoginToOHRM_DDF -->
