<?xml version="1.0" encoding="UTF-8"?>
<!-- Generated by org.testng.reporters.JUnitReportReporter -->
<testsuite hostname="DESKTOP-G8O6OG0" failures="0" tests="4" name="com.TestNGDemo.D02OnlineShoppingApps" time="113.144" errors="0" timestamp="2025-08-18T22:22:34 IST" skipped="0">
  <testcase classname="com.TestNGDemo.D02OnlineShoppingApps" name="testFlipkart" time="29.296"/>
  <testcase classname="com.TestNGDemo.D02OnlineShoppingApps" name="testMyntra" time="29.470"/>
  <testcase classname="com.TestNGDemo.D02OnlineShoppingApps" name="testAmazon" time="29.195"/>
  <testcase classname="com.TestNGDemo.D02OnlineShoppingApps" name="testMeesho" time="25.183"/>
</testsuite> <!-- com.TestNGDemo.D02OnlineShoppingApps -->
