<?xml version="1.0" encoding="UTF-8"?>
<!-- Generated by org.testng.reporters.JUnitReportReporter -->
<testsuite hostname="DESKTOP-G8O6OG0" failures="0" tests="2" name="com.TestNGDemo.D05BigBasketAssignment" time="21.589" errors="0" timestamp="2025-08-18T22:02:14 IST" skipped="0">
  <testcase classname="com.TestNGDemo.D05BigBasketAssignment" name="testTeaLink" time="12.551"/>
  <testcase classname="com.TestNGDemo.D05BigBasketAssignment" name="testGheeLink" time="9.038"/>
</testsuite> <!-- com.TestNGDemo.D05BigBasketAssignment -->
