<?xml version="1.0" encoding="UTF-8"?>
<!-- Generated by org.testng.reporters.JUnitReportReporter -->
<testsuite hostname="DESKTOP-G8O6OG0" failures="0" tests="3" name="com.TestNGDemo.D06DataDrivenTesting" time="0.093" errors="0" timestamp="2025-08-14T22:18:51 IST" skipped="0">
  <testcase classname="com.TestNGDemo.D06DataDrivenTesting" name="f" time="0.069"/>
  <testcase classname="com.TestNGDemo.D06DataDrivenTesting" name="f" time="0.006"/>
  <testcase classname="com.TestNGDemo.D06DataDrivenTesting" name="f" time="0.018"/>
</testsuite> <!-- com.TestNGDemo.D06DataDrivenTesting -->
