<?xml version="1.0" encoding="UTF-8"?>
<!-- Generated by org.testng.reporters.JUnitReportReporter -->
<testsuite hostname="DESKTOP-G8O6OG0" failures="0" tests="1" name="com.TestNGDemo.D08Parameterization" time="2.466" errors="0" timestamp="2025-08-18T22:18:01 IST" skipped="0">
  <testcase classname="com.TestNGDemo.D08Parameterization" name="loginToTest" time="2.466"/>
</testsuite> <!-- com.TestNGDemo.D08Parameterization -->
