<?xml version="1.0" encoding="UTF-8"?>
<!-- Generated by org.testng.reporters.JUnitReportReporter -->
<testsuite hostname="DESKTOP-G8O6OG0" failures="0" tests="5" name="com.TestNGDemo.D06DataDrivenTesting" time="12.874" errors="0" timestamp="2025-08-18T21:45:00 IST" skipped="0">
  <testcase classname="com.TestNGDemo.D06DataDrivenTesting" name="loginToOHRM" time="1.223"/>
  <testcase classname="com.TestNGDemo.D06DataDrivenTesting" name="loginToOHRM" time="2.700"/>
  <testcase classname="com.TestNGDemo.D06DataDrivenTesting" name="loginToOHRM" time="2.923"/>
  <testcase classname="com.TestNGDemo.D06DataDrivenTesting" name="loginToOHRM" time="4.413"/>
  <testcase classname="com.TestNGDemo.D06DataDrivenTesting" name="loginToOHRM" time="1.615"/>
</testsuite> <!-- com.TestNGDemo.D06DataDrivenTesting -->
