<?xml version="1.0" encoding="UTF-8"?>
<!-- Generated by org.testng.reporters.JUnitReportReporter -->
<testsuite hostname="DESKTOP-G8O6OG0" failures="0" tests="4" name="com.TestNGDemo.D03BeforeTest_AfterTest" time="14.372" errors="0" timestamp="2025-08-14T21:10:13 IST" skipped="0">
  <testcase classname="com.TestNGDemo.D03BeforeTest_AfterTest" name="testFlipkart" time="3.829"/>
  <testcase classname="com.TestNGDemo.D03BeforeTest_AfterTest" name="testMyntra" time="2.924"/>
  <testcase classname="com.TestNGDemo.D03BeforeTest_AfterTest" name="testAmazon" time="6.171"/>
  <testcase classname="com.TestNGDemo.D03BeforeTest_AfterTest" name="testMeesho" time="1.448"/>
</testsuite> <!-- com.TestNGDemo.D03BeforeTest_AfterTest -->
