<?xml version="1.0" encoding="UTF-8"?>
<!-- Generated by org.testng.reporters.JUnitReportReporter -->
<testsuite hostname="DESKTOP-G8O6OG0" failures="0" tests="1" name="com.TestNGDemo.D09KeywordDrivenFramework" time="0.806" errors="0" timestamp="2025-08-19T21:03:30 IST" skipped="0">
  <testcase classname="com.TestNGDemo.D09KeywordDrivenFramework" name="login" time="0.806"/>
</testsuite> <!-- com.TestNGDemo.D09KeywordDrivenFramework -->
