<?xml version="1.0" encoding="UTF-8"?>
<!-- Generated by org.testng.reporters.JUnitReportReporter -->
<testsuite hostname="DESKTOP-G8O6OG0" failures="0" tests="4" name="com.TestNGDemo.D04Before_After_Method" time="35.023" errors="0" timestamp="2025-08-14T21:27:42 IST" skipped="0">
  <testcase classname="com.TestNGDemo.D04Before_After_Method" name="testFlipkart" time="10.528"/>
  <testcase classname="com.TestNGDemo.D04Before_After_Method" name="testMyntra" time="19.947"/>
  <testcase classname="com.TestNGDemo.D04Before_After_Method" name="testAmazon" time="3.365"/>
  <testcase classname="com.TestNGDemo.D04Before_After_Method" name="testMeesho" time="1.183"/>
</testsuite> <!-- com.TestNGDemo.D04Before_After_Method -->
